<?xml version="1.0" encoding="UTF-8"?>
<testng-results ignored="0" total="1" passed="1" failed="0" skipped="0">
  <reporter-output>
  </reporter-output>
  <suite started-at="2023-06-23T13:09:09 CDT" name="Default suite" finished-at="2023-06-23T13:09:13 CDT" duration-ms="3496">
    <groups>
    </groups>
    <test started-at="2023-06-23T13:09:09 CDT" name="Default test" finished-at="2023-06-23T13:09:13 CDT" duration-ms="3496">
      <class name="simplejenkinsproject.jenkinsdemo">
        <test-method signature="demo()[pri:0, instance:simplejenkinsproject.jenkinsdemo@6eda5c9]" started-at="2023-06-23T13:09:09 CDT" name="demo" finished-at="2023-06-23T13:09:13 CDT" duration-ms="3458" status="PASS">
          <reporter-output>
          </reporter-output>
        </test-method> <!-- demo -->
      </class> <!-- simplejenkinsproject.jenkinsdemo -->
    </test> <!-- Default test -->
  </suite> <!-- Default suite -->
</testng-results>
